# JRE version: Java(TM) SE Runtime Environment (8.0_101-b13) (build 1.8.0_101-b13)
# Java VM: Java HotSpot(TM) 64-Bit Server VM (25.101-b13 mixed mode bsd-amd64 compressed oops)
Heap:
 PSYoungGen      total 157184K, used 44782K [0x00000007b5580000, 0x00000007c0000000, 0x00000007c0000000)
  eden space 140800K, 26% used [0x00000007b5580000,0x00000007b797b4a0,0x00000007bdf00000)
  from space 16384K, 48% used [0x00000007bdf00000,0x00000007be6c0378,0x00000007bef00000)
  to   space 16384K, 0% used [0x00000007bf000000,0x00000007bf000000,0x00000007c0000000)
 ParOldGen       total 175104K, used 36383K [0x00000007a0000000, 0x00000007aab00000, 0x00000007b5580000)
  object space 175104K, 20% used [0x00000007a0000000,0x00000007a2387ee0,0x00000007aab00000)
 Metaspace       used 46033K, capacity 47328K, committed 47400K, reserved 1089536K
  class space    used 6114K, capacity 6399K, committed 6448K, reserved 1048576K
GC Heap History (10 events):
Event: 2330.294 GC heap before
{Heap before GC invocations=49 (full 2):
 PSYoungGen      total 157184K, used 154357K [0x00000007b5580000, 0x00000007c0000000, 0x00000007c0000000)
  eden space 140800K, 100% used [0x00000007b5580000,0x00000007bdf00000,0x00000007bdf00000)
  from space 16384K, 82% used [0x00000007bf000000,0x00000007bfd3d788,0x00000007c0000000)
  to   space 16896K, 0% used [0x00000007bdf00000,0x00000007bdf00000,0x00000007bef80000)
 ParOldGen       total 175104K, used 36295K [0x00000007a0000000, 0x00000007aab00000, 0x00000007b5580000)
  object space 175104K, 20% used [0x00000007a0000000,0x00000007a2371ee0,0x00000007aab00000)
 Metaspace       used 45969K, capacity 47324K, committed 47400K, reserved 1089536K
  class space    used 6114K, capacity 6399K, committed 6448K, reserved 1048576K
Event: 2330.302 GC heap after
Heap after GC invocations=49 (full 2):
 PSYoungGen      total 146944K, used 5649K [0x00000007b5580000, 0x00000007c0000000, 0x00000007c0000000)
  eden space 140800K, 0% used [0x00000007b5580000,0x00000007b5580000,0x00000007bdf00000)
  from space 6144K, 91% used [0x00000007bdf00000,0x00000007be4845b8,0x00000007be500000)
  to   space 17408K, 0% used [0x00000007bef00000,0x00000007bef00000,0x00000007c0000000)
 ParOldGen       total 175104K, used 36319K [0x00000007a0000000, 0x00000007aab00000, 0x00000007b5580000)
  object space 175104K, 20% used [0x00000007a0000000,0x00000007a2377ee0,0x00000007aab00000)
 Metaspace       used 45969K, capacity 47324K, committed 47400K, reserved 1089536K
  class space    used 6114K, capacity 6399K, committed 6448K, reserved 1048576K
}
Event: 2330.643 GC heap before
{Heap before GC invocations=50 (full 2):
 PSYoungGen      total 146944K, used 146449K [0x00000007b5580000, 0x00000007c0000000, 0x00000007c0000000)
  eden space 140800K, 100% used [0x00000007b5580000,0x00000007bdf00000,0x00000007bdf00000)
  from space 6144K, 91% used [0x00000007bdf00000,0x00000007be4845b8,0x00000007be500000)
  to   space 17408K, 0% used [0x00000007bef00000,0x00000007bef00000,0x00000007c0000000)
 ParOldGen       total 175104K, used 36319K [0x00000007a0000000, 0x00000007aab00000, 0x00000007b5580000)
  object space 175104K, 20% used [0x00000007a0000000,0x00000007a2377ee0,0x00000007aab00000)
 Metaspace       used 45969K, capacity 47324K, committed 47400K, reserved 1089536K
  class space    used 6114K, capacity 6399K, committed 6448K, reserved 1048576K
Event: 2330.663 GC heap after
Heap after GC invocations=50 (full 2):
 PSYoungGen      total 158208K, used 9793K [0x00000007b5580000, 0x00000007c0000000, 0x00000007c0000000)
  eden space 140800K, 0% used [0x00000007b5580000,0x00000007b5580000,0x00000007bdf00000)
  from space 17408K, 56% used [0x00000007bef00000,0x00000007bf890480,0x00000007c0000000)
  to   space 16384K, 0% used [0x00000007bdf00000,0x00000007bdf00000,0x00000007bef00000)
 ParOldGen       total 175104K, used 36327K [0x00000007a0000000, 0x00000007aab00000, 0x00000007b5580000)
  object space 175104K, 20% used [0x00000007a0000000,0x00000007a2379ee0,0x00000007aab00000)
 Metaspace       used 45969K, capacity 47324K, committed 47400K, reserved 1089536K
  class space    used 6114K, capacity 6399K, committed 6448K, reserved 1048576K
}
Event: 2333.706 GC heap before
{Heap before GC invocations=51 (full 2):
 PSYoungGen      total 158208K, used 150593K [0x00000007b5580000, 0x00000007c0000000, 0x00000007c0000000)
  eden space 140800K, 100% used [0x00000007b5580000,0x00000007bdf00000,0x00000007bdf00000)
  from space 17408K, 56% used [0x00000007bef00000,0x00000007bf890480,0x00000007c0000000)
  to   space 16384K, 0% used [0x00000007bdf00000,0x00000007bdf00000,0x00000007bef00000)
 ParOldGen       total 175104K, used 36327K [0x00000007a0000000, 0x00000007aab00000, 0x00000007b5580000)
  object space 175104K, 20% used [0x00000007a0000000,0x00000007a2379ee0,0x00000007aab00000)
 Metaspace       used 45975K, capacity 47324K, committed 47400K, reserved 1089536K
  class space    used 6114K, capacity 6399K, committed 6448K, reserved 1048576K
Event: 2333.722 GC heap after
Heap after GC invocations=51 (full 2):
 PSYoungGen      total 157184K, used 11153K [0x00000007b5580000, 0x00000007bff00000, 0x00000007c0000000)
  eden space 140800K, 0% used [0x00000007b5580000,0x00000007b5580000,0x00000007bdf00000)
  from space 16384K, 68% used [0x00000007bdf00000,0x00000007be9e4700,0x00000007bef00000)
  to   space 16384K, 0% used [0x00000007bef00000,0x00000007bef00000,0x00000007bff00000)
 ParOldGen       total 175104K, used 36351K [0x00000007a0000000, 0x00000007aab00000, 0x00000007b5580000)
  object space 175104K, 20% used [0x00000007a0000000,0x00000007a237fee0,0x00000007aab00000)
 Metaspace       used 45975K, capacity 47324K, committed 47400K, reserved 1089536K
  class space    used 6114K, capacity 6399K, committed 6448K, reserved 1048576K
}
Event: 2336.687 GC heap before
{Heap before GC invocations=52 (full 2):
 PSYoungGen      total 157184K, used 151953K [0x00000007b5580000, 0x00000007bff00000, 0x00000007c0000000)
  eden space 140800K, 100% used [0x00000007b5580000,0x00000007bdf00000,0x00000007bdf00000)
  from space 16384K, 68% used [0x00000007bdf00000,0x00000007be9e4700,0x00000007bef00000)
  to   space 16384K, 0% used [0x00000007bef00000,0x00000007bef00000,0x00000007bff00000)
 ParOldGen       total 175104K, used 36351K [0x00000007a0000000, 0x00000007aab00000, 0x00000007b5580000)
  object space 175104K, 20% used [0x00000007a0000000,0x00000007a237fee0,0x00000007aab00000)
 Metaspace       used 45983K, capacity 47324K, committed 47400K, reserved 1089536K
  class space    used 6114K, capacity 6399K, committed 6448K, reserved 1048576K
Event: 2336.703 GC heap after
Heap after GC invocations=52 (full 2):
 PSYoungGen      total 157184K, used 12065K [0x00000007b5580000, 0x00000007c0000000, 0x00000007c0000000)
  eden space 140800K, 0% used [0x00000007b5580000,0x00000007b5580000,0x00000007bdf00000)
  from space 16384K, 73% used [0x00000007bef00000,0x00000007bfac85a8,0x00000007bff00000)
  to   space 16384K, 0% used [0x00000007bdf00000,0x00000007bdf00000,0x00000007bef00000)
 ParOldGen       total 175104K, used 36375K [0x00000007a0000000, 0x00000007aab00000, 0x00000007b5580000)
  object space 175104K, 20% used [0x00000007a0000000,0x00000007a2385ee0,0x00000007aab00000)
 Metaspace       used 45983K, capacity 47324K, committed 47400K, reserved 1089536K
  class space    used 6114K, capacity 6399K, committed 6448K, reserved 1048576K
}
Event: 2692.990 GC heap before
{Heap before GC invocations=53 (full 2):
 PSYoungGen      total 157184K, used 152865K [0x00000007b5580000, 0x00000007c0000000, 0x00000007c0000000)
  eden space 140800K, 100% used [0x00000007b5580000,0x00000007bdf00000,0x00000007bdf00000)
  from space 16384K, 73% used [0x00000007bef00000,0x00000007bfac85a8,0x00000007bff00000)
  to   space 16384K, 0% used [0x00000007bdf00000,0x00000007bdf00000,0x00000007bef00000)
 ParOldGen       total 175104K, used 36375K [0x00000007a0000000, 0x00000007aab00000, 0x00000007b5580000)
  object space 175104K, 20% used [0x00000007a0000000,0x00000007a2385ee0,0x00000007aab00000)
 Metaspace       used 46032K, capacity 47328K, committed 47400K, reserved 1089536K
  class space    used 6114K, capacity 6399K, committed 6448K, reserved 1048576K
Event: 2693.024 GC heap after
Heap after GC invocations=53 (full 2):
 PSYoungGen      total 157184K, used 7936K [0x00000007b5580000, 0x00000007c0000000, 0x00000007c0000000)
  eden space 140800K, 0% used [0x00000007b5580000,0x00000007b5580000,0x00000007bdf00000)
  from space 16384K, 48% used [0x00000007bdf00000,0x00000007be6c0378,0x00000007bef00000)
  to   space 16384K, 0% used [0x00000007bf000000,0x00000007bf000000,0x00000007c0000000)
 ParOldGen       total 175104K, used 36383K [0x00000007a0000000, 0x00000007aab00000, 0x00000007b5580000)
  object space 175104K, 20% used [0x00000007a0000000,0x00000007a2387ee0,0x00000007aab00000)
 Metaspace       used 46032K, capacity 47328K, committed 47400K, reserved 1089536K
  class space    used 6114K, capacity 6399K, committed 6448K, reserved 1048576K
}

