# JRE version: Java(TM) SE Runtime Environment (8.0_101-b13) (build 1.8.0_101-b13)
# Java VM: Java HotSpot(TM) 64-Bit Server VM (25.101-b13 mixed mode bsd-amd64 compressed oops)
Heap:
 PSYoungGen      total 338432K, used 6404K [0x00000007aab00000, 0x00000007bff80000, 0x00000007c0000000)
  eden space 329216K, 0% used [0x00000007aab00000,0x00000007aab00000,0x00000007bec80000)
  from space 9216K, 69% used [0x00000007bf680000,0x00000007bfcc1220,0x00000007bff80000)
  to   space 9728K, 0% used [0x00000007bec80000,0x00000007bec80000,0x00000007bf600000)
 ParOldGen       total 60928K, used 25242K [0x0000000780000000, 0x0000000783b80000, 0x00000007aab00000)
  object space 60928K, 41% used [0x0000000780000000,0x00000007818a6900,0x0000000783b80000)
 Metaspace       used 57095K, capacity 59578K, committed 59580K, reserved 1101824K
  class space    used 7725K, capacity 8190K, committed 8192K, reserved 1048576K
GC Heap History (10 events):
Event: 5.955 GC heap after
Heap after GC invocations=14 (full 1):
 PSYoungGen      total 265216K, used 416K [0x00000007aab00000, 0x00000007c0000000, 0x00000007c0000000)
  eden space 257536K, 0% used [0x00000007aab00000,0x00000007aab00000,0x00000007ba680000)
  from space 7680K, 5% used [0x00000007ba680000,0x00000007ba6e8000,0x00000007bae00000)
  to   space 7680K, 0% used [0x00000007bf880000,0x00000007bf880000,0x00000007c0000000)
 ParOldGen       total 33280K, used 18782K [0x0000000780000000, 0x0000000782080000, 0x00000007aab00000)
  object space 33280K, 56% used [0x0000000780000000,0x0000000781257990,0x0000000782080000)
 Metaspace       used 34110K, capacity 35674K, committed 35748K, reserved 1081344K
  class space    used 4430K, capacity 4726K, committed 4736K, reserved 1048576K
}
Event: 5.955 GC heap before
{Heap before GC invocations=15 (full 2):
 PSYoungGen      total 265216K, used 416K [0x00000007aab00000, 0x00000007c0000000, 0x00000007c0000000)
  eden space 257536K, 0% used [0x00000007aab00000,0x00000007aab00000,0x00000007ba680000)
  from space 7680K, 5% used [0x00000007ba680000,0x00000007ba6e8000,0x00000007bae00000)
  to   space 7680K, 0% used [0x00000007bf880000,0x00000007bf880000,0x00000007c0000000)
 ParOldGen       total 33280K, used 18782K [0x0000000780000000, 0x0000000782080000, 0x00000007aab00000)
  object space 33280K, 56% used [0x0000000780000000,0x0000000781257990,0x0000000782080000)
 Metaspace       used 34110K, capacity 35674K, committed 35748K, reserved 1081344K
  class space    used 4430K, capacity 4726K, committed 4736K, reserved 1048576K
Event: 6.116 GC heap after
Heap after GC invocations=15 (full 2):
 PSYoungGen      total 265216K, used 0K [0x00000007aab00000, 0x00000007c0000000, 0x00000007c0000000)
  eden space 257536K, 0% used [0x00000007aab00000,0x00000007aab00000,0x00000007ba680000)
  from space 7680K, 0% used [0x00000007ba680000,0x00000007ba680000,0x00000007bae00000)
  to   space 7680K, 0% used [0x00000007bf880000,0x00000007bf880000,0x00000007c0000000)
 ParOldGen       total 60928K, used 17819K [0x0000000780000000, 0x0000000783b80000, 0x00000007aab00000)
  object space 60928K, 29% used [0x0000000780000000,0x0000000781166ed0,0x0000000783b80000)
 Metaspace       used 34110K, capacity 35674K, committed 35748K, reserved 1081344K
  class space    used 4430K, capacity 4726K, committed 4736K, reserved 1048576K
}
Event: 8.527 GC heap before
{Heap before GC invocations=16 (full 2):
 PSYoungGen      total 265216K, used 257536K [0x00000007aab00000, 0x00000007c0000000, 0x00000007c0000000)
  eden space 257536K, 100% used [0x00000007aab00000,0x00000007ba680000,0x00000007ba680000)
  from space 7680K, 0% used [0x00000007ba680000,0x00000007ba680000,0x00000007bae00000)
  to   space 7680K, 0% used [0x00000007bf880000,0x00000007bf880000,0x00000007c0000000)
 ParOldGen       total 60928K, used 17819K [0x0000000780000000, 0x0000000783b80000, 0x00000007aab00000)
  object space 60928K, 29% used [0x0000000780000000,0x0000000781166ed0,0x0000000783b80000)
 Metaspace       used 44634K, capacity 46362K, committed 46680K, reserved 1089536K
  class space    used 5907K, capacity 6252K, committed 6272K, reserved 1048576K
Event: 8.549 GC heap after
Heap after GC invocations=16 (full 2):
 PSYoungGen      total 335872K, used 7654K [0x00000007aab00000, 0x00000007c0000000, 0x00000007c0000000)
  eden space 328192K, 0% used [0x00000007aab00000,0x00000007aab00000,0x00000007beb80000)
  from space 7680K, 99% used [0x00000007bf880000,0x00000007bfff9830,0x00000007c0000000)
  to   space 10240K, 0% used [0x00000007bec00000,0x00000007bec00000,0x00000007bf600000)
 ParOldGen       total 60928K, used 20852K [0x0000000780000000, 0x0000000783b80000, 0x00000007aab00000)
  object space 60928K, 34% used [0x0000000780000000,0x000000078145d130,0x0000000783b80000)
 Metaspace       used 44634K, capacity 46362K, committed 46680K, reserved 1089536K
  class space    used 5907K, capacity 6252K, committed 6272K, reserved 1048576K
}
Event: 11.181 GC heap before
{Heap before GC invocations=17 (full 2):
 PSYoungGen      total 335872K, used 335846K [0x00000007aab00000, 0x00000007c0000000, 0x00000007c0000000)
  eden space 328192K, 100% used [0x00000007aab00000,0x00000007beb80000,0x00000007beb80000)
  from space 7680K, 99% used [0x00000007bf880000,0x00000007bfff9830,0x00000007c0000000)
  to   space 10240K, 0% used [0x00000007bec00000,0x00000007bec00000,0x00000007bf600000)
 ParOldGen       total 60928K, used 20852K [0x0000000780000000, 0x0000000783b80000, 0x00000007aab00000)
  object space 60928K, 34% used [0x0000000780000000,0x000000078145d130,0x0000000783b80000)
 Metaspace       used 52881K, capacity 54706K, committed 55128K, reserved 1097728K
  class space    used 7155K, capacity 7514K, committed 7552K, reserved 1048576K
Event: 11.207 GC heap after
Heap after GC invocations=17 (full 2):
 PSYoungGen      total 338944K, used 3380K [0x00000007aab00000, 0x00000007c0000000, 0x00000007c0000000)
  eden space 328704K, 0% used [0x00000007aab00000,0x00000007aab00000,0x00000007bec00000)
  from space 10240K, 33% used [0x00000007bec00000,0x00000007bef4d200,0x00000007bf600000)
  to   space 9728K, 0% used [0x00000007bf680000,0x00000007bf680000,0x00000007c0000000)
 ParOldGen       total 60928K, used 25234K [0x0000000780000000, 0x0000000783b80000, 0x00000007aab00000)
  object space 60928K, 41% used [0x0000000780000000,0x00000007818a4900,0x0000000783b80000)
 Metaspace       used 52881K, capacity 54706K, committed 55128K, reserved 1097728K
  class space    used 7155K, capacity 7514K, committed 7552K, reserved 1048576K
}
Event: 12.393 GC heap before
{Heap before GC invocations=18 (full 2):
 PSYoungGen      total 338944K, used 127404K [0x00000007aab00000, 0x00000007c0000000, 0x00000007c0000000)
  eden space 328704K, 37% used [0x00000007aab00000,0x00000007b241e1f0,0x00000007bec00000)
  from space 10240K, 33% used [0x00000007bec00000,0x00000007bef4d200,0x00000007bf600000)
  to   space 9728K, 0% used [0x00000007bf680000,0x00000007bf680000,0x00000007c0000000)
 ParOldGen       total 60928K, used 25234K [0x0000000780000000, 0x0000000783b80000, 0x00000007aab00000)
  object space 60928K, 41% used [0x0000000780000000,0x00000007818a4900,0x0000000783b80000)
 Metaspace       used 57095K, capacity 59578K, committed 59580K, reserved 1101824K
  class space    used 7725K, capacity 8190K, committed 8192K, reserved 1048576K
Event: 12.412 GC heap after
Heap after GC invocations=18 (full 2):
 PSYoungGen      total 338432K, used 6404K [0x00000007aab00000, 0x00000007bff80000, 0x00000007c0000000)
  eden space 329216K, 0% used [0x00000007aab00000,0x00000007aab00000,0x00000007bec80000)
  from space 9216K, 69% used [0x00000007bf680000,0x00000007bfcc1220,0x00000007bff80000)
  to   space 9728K, 0% used [0x00000007bec80000,0x00000007bec80000,0x00000007bf600000)
 ParOldGen       total 60928K, used 25242K [0x0000000780000000, 0x0000000783b80000, 0x00000007aab00000)
  object space 60928K, 41% used [0x0000000780000000,0x00000007818a6900,0x0000000783b80000)
 Metaspace       used 57095K, capacity 59578K, committed 59580K, reserved 1101824K
  class space    used 7725K, capacity 8190K, committed 8192K, reserved 1048576K
}
Event: 12.412 GC heap before
{Heap before GC invocations=19 (full 3):
 PSYoungGen      total 338432K, used 6404K [0x00000007aab00000, 0x00000007bff80000, 0x00000007c0000000)
  eden space 329216K, 0% used [0x00000007aab00000,0x00000007aab00000,0x00000007bec80000)
  from space 9216K, 69% used [0x00000007bf680000,0x00000007bfcc1220,0x00000007bff80000)
  to   space 9728K, 0% used [0x00000007bec80000,0x00000007bec80000,0x00000007bf600000)
 ParOldGen       total 60928K, used 25242K [0x0000000780000000, 0x0000000783b80000, 0x00000007aab00000)
  object space 60928K, 41% used [0x0000000780000000,0x00000007818a6900,0x0000000783b80000)
 Metaspace       used 57095K, capacity 59578K, committed 59580K, reserved 1101824K
  class space    used 7725K, capacity 8190K, committed 8192K, reserved 1048576K

